<?xml version="1.0" encoding="UTF-8"?>
<coverage generated="1631192370736" clover="3.2.0">
  <project timestamp="1631192370736" name="All files">
    <metrics statements="48" coveredstatements="48" conditionals="39" coveredconditionals="39" methods="9" coveredmethods="9" elements="96" coveredelements="96" complexity="0" loc="48" ncloc="48" packages="2" files="2" classes="2"/>
    <package name="src">
      <metrics statements="0" coveredstatements="0" conditionals="0" coveredconditionals="0" methods="0" coveredmethods="0"/>
      <file name="index.js" path="/Users/evansong/Documents/code/react-transition-state/src/index.js">
        <metrics statements="0" coveredstatements="0" conditionals="0" coveredconditionals="0" methods="0" coveredmethods="0"/>
      </file>
    </package>
    <package name="src.hooks">
      <metrics statements="48" coveredstatements="48" conditionals="39" coveredconditionals="39" methods="9" coveredmethods="9"/>
      <file name="useTransition.js" path="/Users/evansong/Documents/code/react-transition-state/src/hooks/useTransition.js">
        <metrics statements="48" coveredstatements="48" conditionals="39" coveredconditionals="39" methods="9" coveredmethods="9"/>
        <line num="3" count="1" type="stmt"/>
        <line num="4" count="1" type="stmt"/>
        <line num="5" count="1" type="stmt"/>
        <line num="6" count="1" type="stmt"/>
        <line num="7" count="1" type="stmt"/>
        <line num="8" count="1" type="stmt"/>
        <line num="9" count="1" type="stmt"/>
        <line num="10" count="1" type="stmt"/>
        <line num="12" count="70" type="cond" truecount="2" falsecount="0"/>
        <line num="14" count="1" type="stmt"/>
        <line num="15" count="48" type="stmt"/>
        <line num="16" count="48" type="stmt"/>
        <line num="17" count="48" type="stmt"/>
        <line num="20" count="1" type="cond" truecount="1" falsecount="0"/>
        <line num="30" count="62" type="cond" truecount="2" falsecount="0"/>
        <line num="31" count="62" type="stmt"/>
        <line num="32" count="62" type="stmt"/>
        <line num="35" count="62" type="cond" truecount="2" falsecount="0"/>
        <line num="36" count="10" type="stmt"/>
        <line num="37" count="10" type="stmt"/>
        <line num="39" count="52" type="stmt"/>
        <line num="42" count="62" type="stmt"/>
        <line num="44" count="19" type="cond" truecount="4" falsecount="0"/>
        <line num="47" count="10" type="stmt"/>
        <line num="48" count="10" type="stmt"/>
        <line num="51" count="8" type="stmt"/>
        <line num="52" count="8" type="stmt"/>
        <line num="55" count="19" type="cond" truecount="2" falsecount="0"/>
        <line num="56" count="18" type="stmt"/>
        <line num="60" count="62" type="stmt"/>
        <line num="62" count="30" type="stmt"/>
        <line num="64" count="30" type="cond" truecount="4" falsecount="0"/>
        <line num="67" count="4" type="stmt"/>
        <line num="68" count="4" type="stmt"/>
        <line num="70" count="12" type="cond" truecount="2" falsecount="0"/>
        <line num="71" count="12" type="stmt"/>
        <line num="73" count="10" type="cond" truecount="2" falsecount="0"/>
        <line num="74" count="10" type="stmt"/>
        <line num="80" count="62" type="stmt"/>
        <line num="82" count="30" type="stmt"/>
        <line num="83" count="30" type="cond" truecount="2" falsecount="0"/>
        <line num="85" count="30" type="cond" truecount="2" falsecount="0"/>
        <line num="86" count="16" type="cond" truecount="2" falsecount="0"/>
        <line num="87" count="15" type="cond" truecount="4" falsecount="0"/>
        <line num="90" count="14" type="cond" truecount="2" falsecount="0"/>
        <line num="91" count="13" type="cond" truecount="4" falsecount="0"/>
        <line num="98" count="62" type="stmt"/>
        <line num="100" count="62" type="stmt"/>
      </file>
    </package>
  </project>
</coverage>
