{"/Users/evansong/Documents/code/react-transition-state/src/index.js": {"path":"/Users/evansong/Documents/code/react-transition-state/src/index.js","statementMap":{},"fnMap":{},"branchMap":{},"s":{},"f":{},"b":{},"_coverageSchema":"1a1c01bbd47fc00a2c39e90264f33305004495a9","hash":"4f4fe1a674705b83999b6687ee830c0038902482"}
,"/Users/evansong/Documents/code/react-transition-state/src/hooks/useTransition.js": {"path":"/Users/evansong/Documents/code/react-transition-state/src/hooks/useTransition.js","statementMap":{"0":{"start":{"line":3,"column":18},"end":{"line":3,"column":19}},"1":{"start":{"line":4,"column":17},"end":{"line":4,"column":18}},"2":{"start":{"line":5,"column":16},"end":{"line":5,"column":17}},"3":{"start":{"line":6,"column":17},"end":{"line":6,"column":18}},"4":{"start":{"line":7,"column":16},"end":{"line":7,"column":17}},"5":{"start":{"line":8,"column":15},"end":{"line":8,"column":16}},"6":{"start":{"line":9,"column":18},"end":{"line":9,"column":19}},"7":{"start":{"line":10,"column":15},"end":{"line":10,"column":95}},"8":{"start":{"line":12,"column":19},"end":{"line":12,"column":66}},"9":{"start":{"line":12,"column":35},"end":{"line":12,"column":65}},"10":{"start":{"line":14,"column":20},"end":{"line":18,"column":1}},"11":{"start":{"line":15,"column":2},"end":{"line":15,"column":34}},"12":{"start":{"line":16,"column":2},"end":{"line":16,"column":21}},"13":{"start":{"line":17,"column":2},"end":{"line":17,"column":33}},"14":{"start":{"line":20,"column":29},"end":{"line":101,"column":1}},"15":{"start":{"line":30,"column":28},"end":{"line":30,"column":89}},"16":{"start":{"line":31,"column":22},"end":{"line":31,"column":35}},"17":{"start":{"line":32,"column":20},"end":{"line":32,"column":28}},"18":{"start":{"line":35,"column":2},"end":{"line":40,"column":3}},"19":{"start":{"line":36,"column":4},"end":{"line":36,"column":33}},"20":{"start":{"line":37,"column":4},"end":{"line":37,"column":31}},"21":{"start":{"line":39,"column":4},"end":{"line":39,"column":41}},"22":{"start":{"line":42,"column":24},"end":{"line":58,"column":21}},"23":{"start":{"line":44,"column":4},"end":{"line":53,"column":5}},"24":{"start":{"line":47,"column":8},"end":{"line":47,"column":27}},"25":{"start":{"line":48,"column":8},"end":{"line":48,"column":14}},"26":{"start":{"line":51,"column":8},"end":{"line":51,"column":45}},"27":{"start":{"line":52,"column":8},"end":{"line":52,"column":14}},"28":{"start":{"line":55,"column":4},"end":{"line":57,"column":5}},"29":{"start":{"line":56,"column":6},"end":{"line":56,"column":62}},"30":{"start":{"line":60,"column":23},"end":{"line":78,"column":3}},"31":{"start":{"line":62,"column":6},"end":{"line":62,"column":62}},"32":{"start":{"line":64,"column":6},"end":{"line":75,"column":7}},"33":{"start":{"line":67,"column":10},"end":{"line":67,"column":78}},"34":{"start":{"line":67,"column":47},"end":{"line":67,"column":73}},"35":{"start":{"line":68,"column":10},"end":{"line":68,"column":16}},"36":{"start":{"line":70,"column":10},"end":{"line":70,"column":93}},"37":{"start":{"line":70,"column":33},"end":{"line":70,"column":93}},"38":{"start":{"line":71,"column":10},"end":{"line":71,"column":16}},"39":{"start":{"line":73,"column":10},"end":{"line":73,"column":91}},"40":{"start":{"line":73,"column":32},"end":{"line":73,"column":91}},"41":{"start":{"line":74,"column":10},"end":{"line":74,"column":16}},"42":{"start":{"line":80,"column":17},"end":{"line":96,"column":3}},"43":{"start":{"line":82,"column":25},"end":{"line":82,"column":55}},"44":{"start":{"line":83,"column":6},"end":{"line":83,"column":62}},"45":{"start":{"line":83,"column":40},"end":{"line":83,"column":62}},"46":{"start":{"line":85,"column":6},"end":{"line":93,"column":7}},"47":{"start":{"line":86,"column":8},"end":{"line":88,"column":9}},"48":{"start":{"line":87,"column":10},"end":{"line":87,"column":76}},"49":{"start":{"line":90,"column":8},"end":{"line":92,"column":9}},"50":{"start":{"line":91,"column":10},"end":{"line":91,"column":90}},"51":{"start":{"line":98,"column":2},"end":{"line":98,"column":61}},"52":{"start":{"line":98,"column":18},"end":{"line":98,"column":55}},"53":{"start":{"line":98,"column":24},"end":{"line":98,"column":55}},"54":{"start":{"line":100,"column":2},"end":{"line":100,"column":48}}},"fnMap":{"0":{"name":"(anonymous_0)","decl":{"start":{"line":12,"column":19},"end":{"line":12,"column":20}},"loc":{"start":{"line":12,"column":35},"end":{"line":12,"column":65}},"line":12},"1":{"name":"(anonymous_1)","decl":{"start":{"line":14,"column":20},"end":{"line":14,"column":21}},"loc":{"start":{"line":14,"column":68},"end":{"line":18,"column":1}},"line":14},"2":{"name":"(anonymous_2)","decl":{"start":{"line":20,"column":29},"end":{"line":20,"column":30}},"loc":{"start":{"line":29,"column":11},"end":{"line":101,"column":1}},"line":29},"3":{"name":"(anonymous_3)","decl":{"start":{"line":42,"column":36},"end":{"line":42,"column":37}},"loc":{"start":{"line":42,"column":42},"end":{"line":58,"column":3}},"line":42},"4":{"name":"(anonymous_4)","decl":{"start":{"line":61,"column":4},"end":{"line":61,"column":5}},"loc":{"start":{"line":61,"column":18},"end":{"line":76,"column":5}},"line":61},"5":{"name":"(anonymous_5)","decl":{"start":{"line":67,"column":41},"end":{"line":67,"column":42}},"loc":{"start":{"line":67,"column":47},"end":{"line":67,"column":73}},"line":67},"6":{"name":"(anonymous_6)","decl":{"start":{"line":81,"column":4},"end":{"line":81,"column":5}},"loc":{"start":{"line":81,"column":17},"end":{"line":94,"column":5}},"line":81},"7":{"name":"(anonymous_7)","decl":{"start":{"line":98,"column":12},"end":{"line":98,"column":13}},"loc":{"start":{"line":98,"column":18},"end":{"line":98,"column":55}},"line":98},"8":{"name":"(anonymous_8)","decl":{"start":{"line":98,"column":18},"end":{"line":98,"column":19}},"loc":{"start":{"line":98,"column":24},"end":{"line":98,"column":55}},"line":98}},"branchMap":{"0":{"loc":{"start":{"line":12,"column":35},"end":{"line":12,"column":65}},"type":"cond-expr","locations":[{"start":{"line":12,"column":47},"end":{"line":12,"column":56}},{"start":{"line":12,"column":59},"end":{"line":12,"column":65}}],"line":12},"1":{"loc":{"start":{"line":20,"column":30},"end":{"line":29,"column":6}},"type":"default-arg","locations":[{"start":{"line":29,"column":4},"end":{"line":29,"column":6}}],"line":20},"2":{"loc":{"start":{"line":27,"column":2},"end":{"line":27,"column":14}},"type":"default-arg","locations":[{"start":{"line":27,"column":10},"end":{"line":27,"column":14}}],"line":27},"3":{"loc":{"start":{"line":28,"column":2},"end":{"line":28,"column":13}},"type":"default-arg","locations":[{"start":{"line":28,"column":9},"end":{"line":28,"column":13}}],"line":28},"4":{"loc":{"start":{"line":30,"column":37},"end":{"line":30,"column":88}},"type":"cond-expr","locations":[{"start":{"line":30,"column":54},"end":{"line":30,"column":61}},{"start":{"line":30,"column":64},"end":{"line":30,"column":88}}],"line":30},"5":{"loc":{"start":{"line":35,"column":2},"end":{"line":40,"column":3}},"type":"if","locations":[{"start":{"line":35,"column":2},"end":{"line":40,"column":3}},{"start":{"line":35,"column":2},"end":{"line":40,"column":3}}],"line":35},"6":{"loc":{"start":{"line":44,"column":4},"end":{"line":53,"column":5}},"type":"switch","locations":[{"start":{"line":45,"column":6},"end":{"line":45,"column":21}},{"start":{"line":46,"column":6},"end":{"line":48,"column":14}},{"start":{"line":49,"column":6},"end":{"line":49,"column":20}},{"start":{"line":50,"column":6},"end":{"line":52,"column":14}}],"line":44},"7":{"loc":{"start":{"line":55,"column":4},"end":{"line":57,"column":5}},"type":"if","locations":[{"start":{"line":55,"column":4},"end":{"line":57,"column":5}},{"start":{"line":55,"column":4},"end":{"line":57,"column":5}}],"line":55},"8":{"loc":{"start":{"line":64,"column":6},"end":{"line":75,"column":7}},"type":"switch","locations":[{"start":{"line":65,"column":8},"end":{"line":65,"column":23}},{"start":{"line":66,"column":8},"end":{"line":68,"column":16}},{"start":{"line":69,"column":8},"end":{"line":71,"column":16}},{"start":{"line":72,"column":8},"end":{"line":74,"column":16}}],"line":64},"9":{"loc":{"start":{"line":70,"column":10},"end":{"line":70,"column":93}},"type":"if","locations":[{"start":{"line":70,"column":10},"end":{"line":70,"column":93}},{"start":{"line":70,"column":10},"end":{"line":70,"column":93}}],"line":70},"10":{"loc":{"start":{"line":73,"column":10},"end":{"line":73,"column":91}},"type":"if","locations":[{"start":{"line":73,"column":10},"end":{"line":73,"column":91}},{"start":{"line":73,"column":10},"end":{"line":73,"column":91}}],"line":73},"11":{"loc":{"start":{"line":83,"column":6},"end":{"line":83,"column":62}},"type":"if","locations":[{"start":{"line":83,"column":6},"end":{"line":83,"column":62}},{"start":{"line":83,"column":6},"end":{"line":83,"column":62}}],"line":83},"12":{"loc":{"start":{"line":85,"column":6},"end":{"line":93,"column":7}},"type":"if","locations":[{"start":{"line":85,"column":6},"end":{"line":93,"column":7}},{"start":{"line":85,"column":6},"end":{"line":93,"column":7}}],"line":85},"13":{"loc":{"start":{"line":86,"column":8},"end":{"line":88,"column":9}},"type":"if","locations":[{"start":{"line":86,"column":8},"end":{"line":88,"column":9}},{"start":{"line":86,"column":8},"end":{"line":88,"column":9}}],"line":86},"14":{"loc":{"start":{"line":87,"column":23},"end":{"line":87,"column":74}},"type":"cond-expr","locations":[{"start":{"line":87,"column":32},"end":{"line":87,"column":63}},{"start":{"line":87,"column":67},"end":{"line":87,"column":74}}],"line":87},"15":{"loc":{"start":{"line":87,"column":32},"end":{"line":87,"column":63}},"type":"cond-expr","locations":[{"start":{"line":87,"column":43},"end":{"line":87,"column":52}},{"start":{"line":87,"column":55},"end":{"line":87,"column":63}}],"line":87},"16":{"loc":{"start":{"line":90,"column":8},"end":{"line":92,"column":9}},"type":"if","locations":[{"start":{"line":90,"column":8},"end":{"line":92,"column":9}},{"start":{"line":90,"column":8},"end":{"line":92,"column":9}}],"line":90},"17":{"loc":{"start":{"line":91,"column":23},"end":{"line":91,"column":88}},"type":"cond-expr","locations":[{"start":{"line":91,"column":31},"end":{"line":91,"column":59}},{"start":{"line":91,"column":63},"end":{"line":91,"column":88}}],"line":91},"18":{"loc":{"start":{"line":91,"column":31},"end":{"line":91,"column":59}},"type":"cond-expr","locations":[{"start":{"line":91,"column":41},"end":{"line":91,"column":49}},{"start":{"line":91,"column":52},"end":{"line":91,"column":59}}],"line":91}},"s":{"0":1,"1":1,"2":1,"3":1,"4":1,"5":1,"6":1,"7":1,"8":1,"9":70,"10":1,"11":48,"12":48,"13":48,"14":1,"15":62,"16":62,"17":62,"18":62,"19":10,"20":10,"21":52,"22":62,"23":19,"24":10,"25":10,"26":8,"27":8,"28":19,"29":18,"30":62,"31":30,"32":30,"33":4,"34":2,"35":4,"36":12,"37":4,"38":12,"39":10,"40":3,"41":10,"42":62,"43":30,"44":30,"45":25,"46":30,"47":16,"48":15,"49":14,"50":13,"51":62,"52":11,"53":11,"54":62},"f":{"0":70,"1":48,"2":62,"3":19,"4":30,"5":2,"6":30,"7":11,"8":11},"b":{"0":[3,67],"1":[11],"2":[55],"3":[55],"4":[2,60],"5":[10,52],"6":[1,10,1,8],"7":[18,1],"8":[2,4,12,10],"9":[4,8],"10":[3,7],"11":[25,5],"12":[16,14],"13":[15,1],"14":[13,2],"15":[2,11],"16":[13,1],"17":[11,2],"18":[2,9]},"_coverageSchema":"1a1c01bbd47fc00a2c39e90264f33305004495a9","hash":"388edf39c8c01f8f8018130d073bb13b63544993"}
}
