TN:
SF:src/index.js
FNF:0
FNH:0
LF:0
LH:0
BRF:0
BRH:0
end_of_record
TN:
SF:src/hooks/useTransition.js
FN:12,(anonymous_0)
FN:14,(anonymous_1)
FN:20,(anonymous_2)
FN:42,(anonymous_3)
FN:61,(anonymous_4)
FN:67,(anonymous_5)
FN:81,(anonymous_6)
FN:98,(anonymous_7)
FN:98,(anonymous_8)
FNF:9
FNH:9
FNDA:70,(anonymous_0)
FNDA:48,(anonymous_1)
FNDA:62,(anonymous_2)
FNDA:19,(anonymous_3)
FNDA:30,(anonymous_4)
FNDA:2,(anonymous_5)
FNDA:30,(anonymous_6)
FNDA:11,(anonymous_7)
FNDA:11,(anonymous_8)
DA:3,1
DA:4,1
DA:5,1
DA:6,1
DA:7,1
DA:8,1
DA:9,1
DA:10,1
DA:12,70
DA:14,1
DA:15,48
DA:16,48
DA:17,48
DA:20,1
DA:30,62
DA:31,62
DA:32,62
DA:35,62
DA:36,10
DA:37,10
DA:39,52
DA:42,62
DA:44,19
DA:47,10
DA:48,10
DA:51,8
DA:52,8
DA:55,19
DA:56,18
DA:60,62
DA:62,30
DA:64,30
DA:67,4
DA:68,4
DA:70,12
DA:71,12
DA:73,10
DA:74,10
DA:80,62
DA:82,30
DA:83,30
DA:85,30
DA:86,16
DA:87,15
DA:90,14
DA:91,13
DA:98,62
DA:100,62
LF:48
LH:48
BRDA:12,0,0,3
BRDA:12,0,1,67
BRDA:20,1,0,11
BRDA:27,2,0,55
BRDA:28,3,0,55
BRDA:30,4,0,2
BRDA:30,4,1,60
BRDA:35,5,0,10
BRDA:35,5,1,52
BRDA:44,6,0,1
BRDA:44,6,1,10
BRDA:44,6,2,1
BRDA:44,6,3,8
BRDA:55,7,0,18
BRDA:55,7,1,1
BRDA:64,8,0,2
BRDA:64,8,1,4
BRDA:64,8,2,12
BRDA:64,8,3,10
BRDA:70,9,0,4
BRDA:70,9,1,8
BRDA:73,10,0,3
BRDA:73,10,1,7
BRDA:83,11,0,25
BRDA:83,11,1,5
BRDA:85,12,0,16
BRDA:85,12,1,14
BRDA:86,13,0,15
BRDA:86,13,1,1
BRDA:87,14,0,13
BRDA:87,14,1,2
BRDA:87,15,0,2
BRDA:87,15,1,11
BRDA:90,16,0,13
BRDA:90,16,1,1
BRDA:91,17,0,11
BRDA:91,17,1,2
BRDA:91,18,0,2
BRDA:91,18,1,9
BRF:39
BRH:39
end_of_record
